<?xml version='1.0' encoding='UTF-8' ?>
<testsuite name="fr.tvbarthel.apps.adaptilo.tests.ApplicationTest" tests="2" failures="0" errors="0" time="0.01" timestamp="2014-07-06T18:45:18" hostname="localhost">
  <properties device="Nexus 5 - 4.4.4" flavor="" project="app" />
  <testcase name="testAndroidTestCaseSetupProperly" classname="fr.tvbarthel.apps.adaptilo.tests.ApplicationTest" time="0.0" />
  <testcase name="testApplicationTestCaseSetUpProperly" classname="fr.tvbarthel.apps.adaptilo.tests.ApplicationTest" time="0.0" />
</testsuite>